<?xml version="1.0" encoding="UTF-8"?>
<testng-results skipped="0" failed="0" ignored="0" total="1" passed="1">
  <reporter-output>
  </reporter-output>
  <suite name="Default suite" duration-ms="45397" started-at="2020-10-13T16:06:45 IST" finished-at="2020-10-13T16:07:30 IST">
    <groups>
    </groups>
    <test name="Default test" duration-ms="45397" started-at="2020-10-13T16:06:45 IST" finished-at="2020-10-13T16:07:30 IST">
      <class name="com.seleniumform.AutomationHomeTestcase">
        <test-method status="PASS" signature="start()[pri:0, instance:com.seleniumform.AutomationHomeTestcase@6acdbdf5]" name="start" is-config="true" duration-ms="43201" started-at="2020-10-13T16:06:45 IST" finished-at="2020-10-13T16:07:28 IST">
          <reporter-output>
          </reporter-output>
        </test-method> <!-- start -->
        <test-method status="PASS" signature="login()[pri:0, instance:com.seleniumform.AutomationHomeTestcase@6acdbdf5]" name="login" duration-ms="1773" started-at="2020-10-13T16:07:28 IST" finished-at="2020-10-13T16:07:30 IST">
          <reporter-output>
          </reporter-output>
        </test-method> <!-- login -->
        <test-method status="PASS" signature="close()[pri:0, instance:com.seleniumform.AutomationHomeTestcase@6acdbdf5]" name="close" is-config="true" duration-ms="316" started-at="2020-10-13T16:07:30 IST" finished-at="2020-10-13T16:07:30 IST">
          <reporter-output>
          </reporter-output>
        </test-method> <!-- close -->
      </class> <!-- com.seleniumform.AutomationHomeTestcase -->
    </test> <!-- Default test -->
  </suite> <!-- Default suite -->
</testng-results>
